# JRE version: Java(TM) SE Runtime Environment (8.0_66-b18) (build 1.8.0_66-b18)
# Java VM: Java HotSpot(TM) 64-Bit Server VM (25.66-b18 mixed mode windows-amd64 compressed oops)
Heap:
 PSYoungGen      total 138240K, used 18500K [0x00000000f5580000, 0x00000000ffc80000, 0x0000000100000000)
  eden space 108032K, 15% used [0x00000000f5580000,0x00000000f65e1548,0x00000000fbf00000)
  from space 30208K, 5% used [0x00000000fdc80000,0x00000000fde2fb48,0x00000000ffa00000)
  to   space 30208K, 0% used [0x00000000fbf00000,0x00000000fbf00000,0x00000000fdc80000)
 ParOldGen       total 92672K, used 67731K [0x00000000e0000000, 0x00000000e5a80000, 0x00000000f5580000)
  object space 92672K, 73% used [0x00000000e0000000,0x00000000e4224d88,0x00000000e5a80000)
 Metaspace       used 98094K, capacity 105802K, committed 106008K, reserved 1140736K
  class space    used 11717K, capacity 14061K, committed 14128K, reserved 1048576K
GC Heap History (10 events):
Event: 328.205 GC heap before
{Heap before GC invocations=28 (full 6):
 PSYoungGen      total 119808K, used 104014K [0x00000000f5580000, 0x00000000ffa00000, 0x0000000100000000)
  eden space 108032K, 96% used [0x00000000f5580000,0x00000000fbb139a8,0x00000000fbf00000)
  from space 11776K, 0% used [0x00000000fbf00000,0x00000000fbf00000,0x00000000fca80000)
  to   space 30208K, 0% used [0x00000000fdc80000,0x00000000fdc80000,0x00000000ffa00000)
 ParOldGen       total 92672K, used 68411K [0x00000000e0000000, 0x00000000e5a80000, 0x00000000f5580000)
  object space 92672K, 73% used [0x00000000e0000000,0x00000000e42cece8,0x00000000e5a80000)
 Metaspace       used 96957K, capacity 104638K, committed 104856K, reserved 1140736K
  class space    used 11613K, capacity 13895K, committed 14000K, reserved 1048576K
Event: 328.211 GC heap after
Heap after GC invocations=28 (full 6):
 PSYoungGen      total 138240K, used 2768K [0x00000000f5580000, 0x00000000ffa00000, 0x0000000100000000)
  eden space 108032K, 0% used [0x00000000f5580000,0x00000000f5580000,0x00000000fbf00000)
  from space 30208K, 9% used [0x00000000fdc80000,0x00000000fdf34398,0x00000000ffa00000)
  to   space 30208K, 0% used [0x00000000fbf00000,0x00000000fbf00000,0x00000000fdc80000)
 ParOldGen       total 92672K, used 68483K [0x00000000e0000000, 0x00000000e5a80000, 0x00000000f5580000)
  object space 92672K, 73% used [0x00000000e0000000,0x00000000e42e0cf8,0x00000000e5a80000)
 Metaspace       used 96957K, capacity 104638K, committed 104856K, reserved 1140736K
  class space    used 11613K, capacity 13895K, committed 14000K, reserved 1048576K
}
Event: 328.211 GC heap before
{Heap before GC invocations=29 (full 7):
 PSYoungGen      total 138240K, used 2768K [0x00000000f5580000, 0x00000000ffa00000, 0x0000000100000000)
  eden space 108032K, 0% used [0x00000000f5580000,0x00000000f5580000,0x00000000fbf00000)
  from space 30208K, 9% used [0x00000000fdc80000,0x00000000fdf34398,0x00000000ffa00000)
  to   space 30208K, 0% used [0x00000000fbf00000,0x00000000fbf00000,0x00000000fdc80000)
 ParOldGen       total 92672K, used 68483K [0x00000000e0000000, 0x00000000e5a80000, 0x00000000f5580000)
  object space 92672K, 73% used [0x00000000e0000000,0x00000000e42e0cf8,0x00000000e5a80000)
 Metaspace       used 96957K, capacity 104638K, committed 104856K, reserved 1140736K
  class space    used 11613K, capacity 13895K, committed 14000K, reserved 1048576K
Event: 328.597 GC heap after
Heap after GC invocations=29 (full 7):
 PSYoungGen      total 138240K, used 0K [0x00000000f5580000, 0x00000000ffa00000, 0x0000000100000000)
  eden space 108032K, 0% used [0x00000000f5580000,0x00000000f5580000,0x00000000fbf00000)
  from space 30208K, 0% used [0x00000000fdc80000,0x00000000fdc80000,0x00000000ffa00000)
  to   space 30208K, 0% used [0x00000000fbf00000,0x00000000fbf00000,0x00000000fdc80000)
 ParOldGen       total 92672K, used 68937K [0x00000000e0000000, 0x00000000e5a80000, 0x00000000f5580000)
  object space 92672K, 74% used [0x00000000e0000000,0x00000000e4352648,0x00000000e5a80000)
 Metaspace       used 96957K, capacity 104638K, committed 104856K, reserved 1140736K
  class space    used 11613K, capacity 13895K, committed 14000K, reserved 1048576K
}
Event: 388.221 GC heap before
{Heap before GC invocations=30 (full 7):
 PSYoungGen      total 138240K, used 34954K [0x00000000f5580000, 0x00000000ffa00000, 0x0000000100000000)
  eden space 108032K, 32% used [0x00000000f5580000,0x00000000f77a28f8,0x00000000fbf00000)
  from space 30208K, 0% used [0x00000000fdc80000,0x00000000fdc80000,0x00000000ffa00000)
  to   space 30208K, 0% used [0x00000000fbf00000,0x00000000fbf00000,0x00000000fdc80000)
 ParOldGen       total 92672K, used 68937K [0x00000000e0000000, 0x00000000e5a80000, 0x00000000f5580000)
  object space 92672K, 74% used [0x00000000e0000000,0x00000000e4352648,0x00000000e5a80000)
 Metaspace       used 97017K, capacity 104766K, committed 105112K, reserved 1140736K
  class space    used 11614K, capacity 13895K, committed 14000K, reserved 1048576K
Event: 388.225 GC heap after
Heap after GC invocations=30 (full 7):
 PSYoungGen      total 138240K, used 736K [0x00000000f5580000, 0x00000000ffa00000, 0x0000000100000000)
  eden space 108032K, 0% used [0x00000000f5580000,0x00000000f5580000,0x00000000fbf00000)
  from space 30208K, 2% used [0x00000000fbf00000,0x00000000fbfb8000,0x00000000fdc80000)
  to   space 30208K, 0% used [0x00000000fdc80000,0x00000000fdc80000,0x00000000ffa00000)
 ParOldGen       total 92672K, used 68937K [0x00000000e0000000, 0x00000000e5a80000, 0x00000000f5580000)
  object space 92672K, 74% used [0x00000000e0000000,0x00000000e4352648,0x00000000e5a80000)
 Metaspace       used 97017K, capacity 104766K, committed 105112K, reserved 1140736K
  class space    used 11614K, capacity 13895K, committed 14000K, reserved 1048576K
}
Event: 388.225 GC heap before
{Heap before GC invocations=31 (full 8):
 PSYoungGen      total 138240K, used 736K [0x00000000f5580000, 0x00000000ffa00000, 0x0000000100000000)
  eden space 108032K, 0% used [0x00000000f5580000,0x00000000f5580000,0x00000000fbf00000)
  from space 30208K, 2% used [0x00000000fbf00000,0x00000000fbfb8000,0x00000000fdc80000)
  to   space 30208K, 0% used [0x00000000fdc80000,0x00000000fdc80000,0x00000000ffa00000)
 ParOldGen       total 92672K, used 68937K [0x00000000e0000000, 0x00000000e5a80000, 0x00000000f5580000)
  object space 92672K, 74% used [0x00000000e0000000,0x00000000e4352648,0x00000000e5a80000)
 Metaspace       used 97017K, capacity 104766K, committed 105112K, reserved 1140736K
  class space    used 11614K, capacity 13895K, committed 14000K, reserved 1048576K
Event: 388.603 GC heap after
Heap after GC invocations=31 (full 8):
 PSYoungGen      total 138240K, used 0K [0x00000000f5580000, 0x00000000ffa00000, 0x0000000100000000)
  eden space 108032K, 0% used [0x00000000f5580000,0x00000000f5580000,0x00000000fbf00000)
  from space 30208K, 0% used [0x00000000fbf00000,0x00000000fbf00000,0x00000000fdc80000)
  to   space 30208K, 0% used [0x00000000fdc80000,0x00000000fdc80000,0x00000000ffa00000)
 ParOldGen       total 92672K, used 67723K [0x00000000e0000000, 0x00000000e5a80000, 0x00000000f5580000)
  object space 92672K, 73% used [0x00000000e0000000,0x00000000e4222d88,0x00000000e5a80000)
 Metaspace       used 97017K, capacity 104766K, committed 105112K, reserved 1140736K
  class space    used 11614K, capacity 13895K, committed 14000K, reserved 1048576K
}
Event: 430.712 GC heap before
{Heap before GC invocations=32 (full 8):
 PSYoungGen      total 138240K, used 108032K [0x00000000f5580000, 0x00000000ffa00000, 0x0000000100000000)
  eden space 108032K, 100% used [0x00000000f5580000,0x00000000fbf00000,0x00000000fbf00000)
  from space 30208K, 0% used [0x00000000fbf00000,0x00000000fbf00000,0x00000000fdc80000)
  to   space 30208K, 0% used [0x00000000fdc80000,0x00000000fdc80000,0x00000000ffa00000)
 ParOldGen       total 92672K, used 67723K [0x00000000e0000000, 0x00000000e5a80000, 0x00000000f5580000)
  object space 92672K, 73% used [0x00000000e0000000,0x00000000e4222d88,0x00000000e5a80000)
 Metaspace       used 97674K, capacity 105314K, committed 105624K, reserved 1140736K
  class space    used 11673K, capacity 13965K, committed 14000K, reserved 1048576K
Event: 430.719 GC heap after
Heap after GC invocations=32 (full 8):
 PSYoungGen      total 138240K, used 1726K [0x00000000f5580000, 0x00000000ffc80000, 0x0000000100000000)
  eden space 108032K, 0% used [0x00000000f5580000,0x00000000f5580000,0x00000000fbf00000)
  from space 30208K, 5% used [0x00000000fdc80000,0x00000000fde2fb48,0x00000000ffa00000)
  to   space 30208K, 0% used [0x00000000fbf00000,0x00000000fbf00000,0x00000000fdc80000)
 ParOldGen       total 92672K, used 67731K [0x00000000e0000000, 0x00000000e5a80000, 0x00000000f5580000)
  object space 92672K, 73% used [0x00000000e0000000,0x00000000e4224d88,0x00000000e5a80000)
 Metaspace       used 97674K, capacity 105314K, committed 105624K, reserved 1140736K
  class space    used 11673K, capacity 13965K, committed 14000K, reserved 1048576K
}

